<html>
<body>
<pre>
<h1>µVision Build Log</h1>
<h2>Tool Versions:</h2>
IDE-Version: µVision V5.35.0.0
Copyright (C) 2021 ARM Ltd and ARM Germany GmbH. All rights reserved.
License Information: Abdelrahman Ahmed, Alexandria University, LIC=----
 
Tool Versions:
Toolchain:       MDK-Lite  Version: 5.35.0.2
Toolchain Path:  E:\Program Files\New Folder\keil\ARM\ARMCC\Bin
C Compiler:      Armcc.exe V5.06 update 7 (build 960)
Assembler:       Armasm.exe V5.06 update 7 (build 960)
Linker/Locator:  ArmLink.exe V5.06 update 7 (build 960)
Library Manager: ArmAr.exe V5.06 update 7 (build 960)
Hex Converter:   FromElf.exe V5.06 update 7 (build 960)
CPU DLL:         SARMCM3.DLL V5.35.0.2
Dialog DLL:      DCM.DLL V1.17.3.0
Target DLL:      STLink\ST-LINKIII-KEIL_SWO.dll V3.0.9.0
Dialog DLL:      TCM.DLL V1.53.0.0
 
<h2>Project:</h2>
C:\Users\Abdelrahman Ahmed\Documents\GitHub\dev\EPS\Testing Project\Test3\TEST\UART_Test.uvprojx
Project File Date:  04/03/2022

<h2>Output:</h2>
*** Using Compiler 'V5.06 update 7 (build 960)', folder: 'E:\Program Files\New Folder\keil\ARM\ARMCC\Bin'
Build target 'STM32F407VGTx'
compiling stm32f4xx_cec.c...
compiling stm32f4xx_crc.c...
compiling main.c...
compiling misc.c...
compiling stm32f4xx_adc.c...
compiling stm32f4xx_can.c...
compiling stm32f4xx_cryp.c...
compiling stm32f4xx_dbgmcu.c...
compiling stm32f4xx_cryp_des.c...
compiling stm32f4xx_dfsdm.c...
compiling stm32f4xx_dcmi.c...
compiling stm32f4xx_cryp_tdes.c...
compiling stm32f4xx_dac.c...
compiling stm32f4xx_cryp_aes.c...
compiling stm32f4xx_dsi.c...
compiling stm32f4xx_dma.c...
compiling stm32f4xx_exti.c...
compiling stm32f4xx_flash_ramfunc.c...
compiling stm32f4xx_flash.c...
compiling stm32f4xx_dma2d.c...
compiling stm32f4xx_fmpi2c.c...
compiling stm32f4xx_lptim.c...
compiling stm32f4xx_iwdg.c...
compiling stm32f4xx_gpio.c...
compiling stm32f4xx_hash_md5.c...
compiling stm32f4xx_hash_sha1.c...
compiling stm32f4xx_hash.c...
compiling stm32f4xx_i2c.c...
compiling stm32f4xx_rng.c...
compiling stm32f4xx_pwr.c...
compiling stm32f4xx_sai.c...
compiling stm32f4xx_qspi.c...
hsi_library\stm32f4xx_qspi.h(137): warning:  #47-D: incompatible redefinition of macro "QUADSPI_CR_SSHIFT_0"  (declared at line 8427 of "hsi_library\stm32f4xx.h")
  #define QUADSPI_CR_SSHIFT_0    QUADSPI_CR_SSHIFT
hsi_library\stm32f4xx_qspi.c: 1 warning, 0 errors
compiling stm32f4xx_ltdc.c...
compiling stm32f4xx_rcc.c...
compiling stm32f4xx_rtc.c...
compiling stm32f4xx_spdifrx.c...
compiling stm32f4xx_sdio.c...
compiling stm32f4xx_syscfg.c...
compiling stm32f4xx_wwdg.c...
compiling stm32f4xx_usart.c...
compiling stm32f4xx_spi.c...
assembling startup_stm32f446xx.s...
..\..\TEST\TEST\hsi_startup\startup_stm32f446xx.s(1): error: A1167E: Invalid line start 
..\..\TEST\TEST\hsi_startup\startup_stm32f446xx.s(2): error: A1137E: Unexpected characters at end of line
..\..\TEST\TEST\hsi_startup\startup_stm32f446xx.s(3): error: A1159E: Label missing from line start
..\..\TEST\TEST\hsi_startup\startup_stm32f446xx.s(4): error: A1159E: Label missing from line start
..\..\TEST\TEST\hsi_startup\startup_stm32f446xx.s(5): error: A1159E: Label missing from line start
..\..\TEST\TEST\hsi_startup\startup_stm32f446xx.s(6): error: A1159E: Label missing from line start
..\..\TEST\TEST\hsi_startup\startup_stm32f446xx.s(7): error: A1159E: Label missing from line start
..\..\TEST\TEST\hsi_startup\startup_stm32f446xx.s(8): error: A1159E: Label missing from line start
..\..\TEST\TEST\hsi_startup\startup_stm32f446xx.s(9): error: A1159E: Label missing from line start
..\..\TEST\TEST\hsi_startup\startup_stm32f446xx.s(10): error: A1159E: Label missing from line start
..\..\TEST\TEST\hsi_startup\startup_stm32f446xx.s(11): error: A1159E: Label missing from line start
..\..\TEST\TEST\hsi_startup\startup_stm32f446xx.s(12): error: A1159E: Label missing from line start
..\..\TEST\TEST\hsi_startup\startup_stm32f446xx.s(13): error: A1159E: Label missing from line start
..\..\TEST\TEST\hsi_startup\startup_stm32f446xx.s(14): error: A1137E: Unexpected characters at end of line
..\..\TEST\TEST\hsi_startup\startup_stm32f446xx.s(15): error: A1159E: Label missing from line start
..\..\TEST\TEST\hsi_startup\startup_stm32f446xx.s(16): error: A1159E: Label missing from line start
..\..\TEST\TEST\hsi_startup\startup_stm32f446xx.s(17): error: A1159E: Label missing from line start
..\..\TEST\TEST\hsi_startup\startup_stm32f446xx.s(18): error: A1159E: Label missing from line start
..\..\TEST\TEST\hsi_startup\startup_stm32f446xx.s(19): error: A1159E: Label missing from line start
..\..\TEST\TEST\hsi_startup\startup_stm32f446xx.s(20): error: A1159E: Label missing from line start
..\..\TEST\TEST\hsi_startup\startup_stm32f446xx.s(21): error: A1159E: Label missing from line start
..\..\TEST\TEST\hsi_startup\startup_stm32f446xx.s(22): error: A1159E: Label missing from line start
..\..\TEST\TEST\hsi_startup\startup_stm32f446xx.s(23): error: A1159E: Label missing from line start
..\..\TEST\TEST\hsi_startup\startup_stm32f446xx.s(24): error: A1137E: Unexpected characters at end of line
..\..\TEST\TEST\hsi_startup\startup_stm32f446xx.s(25): error: A1137E: Unexpected characters at end of line
..\..\TEST\TEST\hsi_startup\startup_stm32f446xx.s(27): error: A1137E: Unexpected characters at end of line
..\..\TEST\TEST\hsi_startup\startup_stm32f446xx.s(28): error: A1137E: Unexpected characters at end of line
..\..\TEST\TEST\hsi_startup\startup_stm32f446xx.s(29): error: A1137E: Unexpected characters at end of line
..\..\TEST\TEST\hsi_startup\startup_stm32f446xx.s(30): error: A1137E: Unexpected characters at end of line
..\..\TEST\TEST\hsi_startup\startup_stm32f446xx.s(32): error: A1163E: Unknown opcode g_pfnVectors , expecting opcode or Macro
..\..\TEST\TEST\hsi_startup\startup_stm32f446xx.s(33): error: A1163E: Unknown opcode Default_Handler , expecting opcode or Macro
..\..\TEST\TEST\hsi_startup\startup_stm32f446xx.s(35): error: A1163E: Unknown opcode start , expecting opcode or Macro
..\..\TEST\TEST\hsi_startup\startup_stm32f446xx.s(36): error: A1163E: Unknown opcode in , expecting opcode or Macro
..\..\TEST\TEST\hsi_startup\startup_stm32f446xx.s(37): error: A1163E: Unknown opcode _sidata , expecting opcode or Macro
..\..\TEST\TEST\hsi_startup\startup_stm32f446xx.s(38): error: A1163E: Unknown opcode start , expecting opcode or Macro
..\..\TEST\TEST\hsi_startup\startup_stm32f446xx.s(39): error: A1163E: Unknown opcode _sdata , expecting opcode or Macro
..\..\TEST\TEST\hsi_startup\startup_stm32f446xx.s(40): error: A1167E: Invalid line start 
..\..\TEST\TEST\hsi_startup\startup_stm32f446xx.s(41): error: A1163E: Unknown opcode _edata , expecting opcode or Macro
..\..\TEST\TEST\hsi_startup\startup_stm32f446xx.s(42): error: A1163E: Unknown opcode start , expecting opcode or Macro
..\..\TEST\TEST\hsi_startup\startup_stm32f446xx.s(43): error: A1163E: Unknown opcode _sbss , expecting opcode or Macro
..\..\TEST\TEST\hsi_startup\startup_stm32f446xx.s(44): error: A1167E: Invalid line start 
..\..\TEST\TEST\hsi_startup\startup_stm32f446xx.s(45): error: A1163E: Unknown opcode _ebss , expecting opcode or Macro
..\..\TEST\TEST\hsi_startup\startup_stm32f446xx.s(46): error: A1163E: Unknown opcode stack , expecting opcode or Macro
..\..\TEST\TEST\hsi_startup\startup_stm32f446xx.s(48): error: A1167E: Invalid line start 
..\..\TEST\TEST\hsi_startup\startup_stm32f446xx.s(49): error: A1159E: Label missing from line start
..\..\TEST\TEST\hsi_startup\startup_stm32f446xx.s(50): error: A1159E: Label missing from line start
..\..\TEST\TEST\hsi_startup\startup_stm32f446xx.s(51): error: A1159E: Label missing from line start
..\..\TEST\TEST\hsi_startup\startup_stm32f446xx.s(52): error: A1159E: Label missing from line start
..\..\TEST\TEST\hsi_startup\startup_stm32f446xx.s(53): error: A1159E: Label missing from line start
..\..\TEST\TEST\hsi_startup\startup_stm32f446xx.s(54): error: A1159E: Label missing from line start
compiling stm32f4xx_tim.c...
compiling system_stm32f4xx.c...
".\Objects\UART_Test.axf" - 50 Error(s), 1 Warning(s).

<h2>Software Packages used:</h2>

Package Vendor: Keil
                http://www.keil.com/pack/Keil.STM32F4xx_DFP.2.15.0.pack
                Keil.STM32F4xx_DFP.2.15.0
                STMicroelectronics STM32F4 Series Device Support, Drivers and Examples

<h2>Collection of Component include folders:</h2>
  E:\Program Files\New Folder\keil\pack\Keil\STM32F4xx_DFP\2.15.0\Drivers\CMSIS\Device\ST\STM32F4xx\Include

<h2>Collection of Component Files used:</h2>
Target not created.
Build Time Elapsed:  00:00:09
</pre>
</body>
</html>
